<?xml version="1.0" encoding="utf-8"?><testsuites><testsuite name="pytest" errors="0" failures="0" skipped="1" tests="3" time="0.217" timestamp="2026-07-14T10:36:31.989351" hostname="ddd"><testcase classname="my_robot_description.test.test_copyright" name="test_copyright" time="0.000"><skipped type="pytest.skip" message="No copyright header has been placed in the generated source file.">/home/ddd/ros2_ws/src/my_robot_description/test/test_copyright.py:20: No copyright header has been placed in the generated source file.</skipped></testcase><testcase classname="my_robot_description.test.test_flake8" name="test_flake8" time="0.119" /><testcase classname="my_robot_description.test.test_pep257" name="test_pep257" time="0.016" /></testsuite></testsuites>